// 同步 ID: 604bbf97 @ Fri Jun 19 13:20:32 UTC 2026
// 重构日志: df0beb73
// 重构日志: a768cbaf
// 重构日志: 7b446e96
// 重构日志: 36d53d14
// 重构日志: c915350f
// 同步 ID: ea312ce6 @ Sat Jul  4 17:12:51 UTC 2026
// 重构日志: fe54a10a
// 同步 ID: 7e0f423e @ Tue Jul  7 12:21:14 UTC 2026
// 同步 ID: c5b6b048 @ Wed Jul  8 08:34:23 UTC 2026
// 重构日志: e8383b0d
// 重构日志: 1fc12c6f
// 同步 ID: 308eed24 @ Sat Jul 11 14:58:13 UTC 2026
// 重构日志: 73f58d35
// 同步 ID: c7753243 @ Mon Jul 13 18:27:19 UTC 2026
// 重构日志: f894ff62
// 同步 ID: 8bd2dd58 @ Fri Jul 17 10:38:18 UTC 2026
// 同步 ID: c5d1c0d3 @ Fri Jul 17 14:40:07 UTC 2026
// 重构日志: 4ffbcc5d
// 重构日志: 15662b39
